<?xml version="1.0" encoding="UTF-8"?>
<!-- Generated by org.testng.reporters.JUnitXMLReporter -->
<testsuite ignored="4" hostname="saini-PC" failures="1" tests="5" name="Regression" time="11.414" errors="0" timestamp="2021-08-25T18:33:06 IST">
  <testcase classname="TestngFramework.HomePage" name="register" time="2.139"/>
  <testcase classname="TestngFramework.HomePage" name="form" time="3.729"/>
  <testcase classname="TestngFramework.HomePage" name="register" time="2.023"/>
  <testcase classname="TestngFramework.HomePage" name="form" time="3.443"/>
  <testcase classname="TestngFramework.ParametersContactUs" name="contactForm" time="0.0">
    <failure type="org.testng.TestNGException" message="
Parameter &amp;apos;firstname&amp;apos; is required by @Test on method contactForm but has not been marked @Optional or defined
in C:\User\saini\eclipse-workspace\TestngDemo\testng.xml">
      <![CDATA[org.testng.TestNGException: 
Parameter 'firstname' is required by @Test on method contactForm but has not been marked @Optional or defined
in C:\User\saini\eclipse-workspace\TestngDemo\testng.xml
at java.base/java.util.ArrayList.forEach(ArrayList.java:1511)
... Removed 26 stack frames]]>
    </failure>
  </testcase> <!-- contactForm -->
  <testcase classname="TestngFramework.LaunchBrowser" name="@AfterSuite close" time="0.0">
    <ignored/>
  </testcase> <!-- @AfterSuite close -->
  <testcase classname="TestngFramework.LaunchBrowser" name="@AfterSuite close" time="0.0">
    <ignored/>
  </testcase> <!-- @AfterSuite close -->
  <testcase classname="TestngFramework.LaunchBrowser" name="@BeforeSuite setup" time="0.0">
    <ignored/>
  </testcase> <!-- @BeforeSuite setup -->
  <testcase classname="TestngFramework.LaunchBrowser" name="@BeforeSuite setup" time="0.0">
    <ignored/>
  </testcase> <!-- @BeforeSuite setup -->
</testsuite> <!-- Regression -->
